0 info it worked if it ends with ok
1 verbose cli [ 'D:\\Program Files\\nodejs\\node.exe',
1 verbose cli   'D:\\Program Files\\nodejs\\node_modules\\npm\\bin\\npm-cli.js',
1 verbose cli   'i',
1 verbose cli   'webuploader' ]
2 info using npm@3.10.10
3 info using node@v6.10.0
4 silly loadCurrentTree Starting
5 silly install loadCurrentTree
6 silly install readLocalPackageData
7 silly fetchPackageMetaData webuploader
8 silly fetchNamedPackageData webuploader
9 silly mapToRegistry name webuploader
10 silly mapToRegistry using default registry
11 silly mapToRegistry registry https://registry.npmjs.org/
12 silly mapToRegistry data Result {
12 silly mapToRegistry   raw: 'webuploader',
12 silly mapToRegistry   scope: null,
12 silly mapToRegistry   escapedName: 'webuploader',
12 silly mapToRegistry   name: 'webuploader',
12 silly mapToRegistry   rawSpec: '',
12 silly mapToRegistry   spec: 'latest',
12 silly mapToRegistry   type: 'tag' }
13 silly mapToRegistry uri https://registry.npmjs.org/webuploader
14 verbose request uri https://registry.npmjs.org/webuploader
15 verbose request no auth needed
16 info attempt registry request try #1 at 23:14:50
17 verbose request id 9d2c4f6ab41f5586
18 http request GET https://registry.npmjs.org/webuploader
19 http 200 https://registry.npmjs.org/webuploader
20 verbose headers { server: 'nginx/1.10.3',
20 verbose headers   'content-type': 'application/json',
20 verbose headers   'last-modified': 'Fri, 10 Feb 2017 02:42:15 GMT',
20 verbose headers   etag: 'W/"589d2887-2315"',
20 verbose headers   'content-encoding': 'gzip',
20 verbose headers   'cache-control': 'max-age=300',
20 verbose headers   'content-length': '2751',
20 verbose headers   'accept-ranges': 'bytes',
20 verbose headers   date: 'Tue, 11 Jul 2017 15:14:58 GMT',
20 verbose headers   via: '1.1 varnish',
20 verbose headers   age: '40',
20 verbose headers   connection: 'keep-alive',
20 verbose headers   'x-served-by': 'cache-nrt6132-NRT',
20 verbose headers   'x-cache': 'HIT',
20 verbose headers   'x-cache-hits': '1',
20 verbose headers   'x-timer': 'S1499786098.010922,VS0,VE1',
20 verbose headers   vary: 'Accept-Encoding, Accept' }
21 silly get cb [ 200,
21 silly get   { server: 'nginx/1.10.3',
21 silly get     'content-type': 'application/json',
21 silly get     'last-modified': 'Fri, 10 Feb 2017 02:42:15 GMT',
21 silly get     etag: 'W/"589d2887-2315"',
21 silly get     'content-encoding': 'gzip',
21 silly get     'cache-control': 'max-age=300',
21 silly get     'content-length': '2751',
21 silly get     'accept-ranges': 'bytes',
21 silly get     date: 'Tue, 11 Jul 2017 15:14:58 GMT',
21 silly get     via: '1.1 varnish',
21 silly get     age: '40',
21 silly get     connection: 'keep-alive',
21 silly get     'x-served-by': 'cache-nrt6132-NRT',
21 silly get     'x-cache': 'HIT',
21 silly get     'x-cache-hits': '1',
21 silly get     'x-timer': 'S1499786098.010922,VS0,VE1',
21 silly get     vary: 'Accept-Encoding, Accept' } ]
22 verbose get saving webuploader to C:\Users\hezhi\AppData\Roaming\npm-cache\registry.npmjs.org\webuploader\.cache.json
23 verbose correctMkdir C:\Users\hezhi\AppData\Roaming\npm-cache correctMkdir not in flight; initializing
24 silly install normalizeTree
25 silly loadCurrentTree Finishing
26 silly loadIdealTree Starting
27 silly install loadIdealTree
28 silly cloneCurrentTree Starting
29 silly install cloneCurrentTreeToIdealTree
30 silly cloneCurrentTree Finishing
31 silly loadShrinkwrap Starting
32 silly install loadShrinkwrap
33 silly loadShrinkwrap Finishing
34 silly loadAllDepsIntoIdealTree Starting
35 silly install loadAllDepsIntoIdealTree
36 silly resolveWithNewModule webuploader@0.1.8 checking installable status
37 silly cache add args [ 'webuploader', null ]
38 verbose cache add spec webuploader
39 silly cache add parsed spec Result {
39 silly cache add   raw: 'webuploader',
39 silly cache add   scope: null,
39 silly cache add   escapedName: 'webuploader',
39 silly cache add   name: 'webuploader',
39 silly cache add   rawSpec: '',
39 silly cache add   spec: 'latest',
39 silly cache add   type: 'tag' }
40 silly addNamed webuploader@latest
41 verbose addNamed "latest" is being treated as a dist-tag for webuploader
42 info addNameTag [ 'webuploader', 'latest' ]
43 silly mapToRegistry name webuploader
44 silly mapToRegistry using default registry
45 silly mapToRegistry registry https://registry.npmjs.org/
46 silly mapToRegistry data Result {
46 silly mapToRegistry   raw: 'webuploader',
46 silly mapToRegistry   scope: null,
46 silly mapToRegistry   escapedName: 'webuploader',
46 silly mapToRegistry   name: 'webuploader',
46 silly mapToRegistry   rawSpec: '',
46 silly mapToRegistry   spec: 'latest',
46 silly mapToRegistry   type: 'tag' }
47 silly mapToRegistry uri https://registry.npmjs.org/webuploader
48 verbose addNameTag registry:https://registry.npmjs.org/webuploader not in flight; fetching
49 verbose get https://registry.npmjs.org/webuploader not expired, no request
50 silly addNameTag next cb for webuploader with tag latest
51 silly addNamed webuploader@0.1.8
52 verbose addNamed "0.1.8" is a plain semver version for webuploader
53 silly mapToRegistry name webuploader
54 silly mapToRegistry using default registry
55 silly mapToRegistry registry https://registry.npmjs.org/
56 silly mapToRegistry data Result {
56 silly mapToRegistry   raw: 'webuploader',
56 silly mapToRegistry   scope: null,
56 silly mapToRegistry   escapedName: 'webuploader',
56 silly mapToRegistry   name: 'webuploader',
56 silly mapToRegistry   rawSpec: '',
56 silly mapToRegistry   spec: 'latest',
56 silly mapToRegistry   type: 'tag' }
57 silly mapToRegistry uri https://registry.npmjs.org/webuploader
58 verbose addRemoteTarball https://registry.npmjs.org/webuploader/-/webuploader-0.1.8.tgz not in flight; adding
59 verbose addRemoteTarball [ 'https://registry.npmjs.org/webuploader/-/webuploader-0.1.8.tgz',
59 verbose addRemoteTarball   '7a84f282b4d3cbbf753c79adf484da4e69e8e9e1' ]
60 info retry fetch attempt 1 at 23:14:52
61 info attempt registry request try #1 at 23:14:52
62 http fetch GET https://registry.npmjs.org/webuploader/-/webuploader-0.1.8.tgz
63 http fetch 200 https://registry.npmjs.org/webuploader/-/webuploader-0.1.8.tgz
64 info retry will retry, error on last attempt: Error: read ECONNRESET
65 silly fetchAndShaCheck shasum 7a84f282b4d3cbbf753c79adf484da4e69e8e9e1
66 silly rollbackFailedOptional Starting
67 silly rollbackFailedOptional Finishing
68 silly runTopLevelLifecycles Finishing
69 silly install printInstalled
70 verbose stack Error: shasum check failed for C:\Users\hezhi\AppData\Local\Temp\npm-4284-5b3e365f\registry.npmjs.org\webuploader\-\webuploader-0.1.8.tgz
70 verbose stack Expected: 7a84f282b4d3cbbf753c79adf484da4e69e8e9e1
70 verbose stack Actual:   5d4e6963a2a73450c5327f5b70504c8431e869ff
70 verbose stack From:     https://registry.npmjs.org/webuploader/-/webuploader-0.1.8.tgz
70 verbose stack     at D:\Program Files\nodejs\node_modules\npm\node_modules\sha\index.js:25:8
70 verbose stack     at ReadStream.<anonymous> (D:\Program Files\nodejs\node_modules\npm\node_modules\sha\index.js:72:7)
70 verbose stack     at emitNone (events.js:91:20)
70 verbose stack     at ReadStream.emit (events.js:185:7)
70 verbose stack     at endReadableNT (_stream_readable.js:974:12)
70 verbose stack     at _combinedTickCallback (internal/process/next_tick.js:74:11)
70 verbose stack     at process._tickCallback (internal/process/next_tick.js:98:9)
71 verbose cwd F:\www\test\aap\views\index
72 error Windows_NT 6.2.9200
73 error argv "D:\\Program Files\\nodejs\\node.exe" "D:\\Program Files\\nodejs\\node_modules\\npm\\bin\\npm-cli.js" "i" "webuploader"
74 error node v6.10.0
75 error npm  v3.10.10
76 error shasum check failed for C:\Users\hezhi\AppData\Local\Temp\npm-4284-5b3e365f\registry.npmjs.org\webuploader\-\webuploader-0.1.8.tgz
76 error Expected: 7a84f282b4d3cbbf753c79adf484da4e69e8e9e1
76 error Actual:   5d4e6963a2a73450c5327f5b70504c8431e869ff
76 error From:     https://registry.npmjs.org/webuploader/-/webuploader-0.1.8.tgz
77 error If you need help, you may report this error at:
77 error     <https://github.com/npm/npm/issues>
78 verbose exit [ 1, true ]
